<?xml version="1.0" encoding="UTF-8"?>
<testsuites>
  <testsuite name="/Users/jordanpartridge/packages/conduit-ui/github-issues/phpunit.xml.dist" tests="10" assertions="53" errors="0" failures="0" skipped="0" time="0.080639">
    <testsuite name="ConduitUI GitHub Issues Test Suite" tests="10" assertions="53" errors="0" failures="0" skipped="0" time="0.080639">
      <testsuite name="Tests\Unit\Data\LabelTest" file="tests/Unit/Data/LabelTest.php" tests="4" assertions="16" errors="0" failures="0" skipped="0" time="0.055535">
        <testcase name="can convert label to array" file="tests/Unit/Data/LabelTest.php::can convert label to array" class="Tests\Unit\Data\LabelTest" classname="Tests.Unit.Data.LabelTest" assertions="4" time="0.049103"/>
        <testcase name="can create label from array" file="tests/Unit/Data/LabelTest.php::can create label from array" class="Tests\Unit\Data\LabelTest" classname="Tests.Unit.Data.LabelTest" assertions="4" time="0.002455"/>
        <testcase name="can create label from array with null description" file="tests/Unit/Data/LabelTest.php::can create label from array with null description" class="Tests\Unit\Data\LabelTest" classname="Tests.Unit.Data.LabelTest" assertions="4" time="0.002076"/>
        <testcase name="can convert label with null description to array" file="tests/Unit/Data/LabelTest.php::can convert label with null description to array" class="Tests\Unit\Data\LabelTest" classname="Tests.Unit.Data.LabelTest" assertions="4" time="0.001901"/>
      </testsuite>
      <testsuite name="Tests\Unit\Data\UserTest" file="tests/Unit/Data/UserTest.php" tests="2" assertions="10" errors="0" failures="0" skipped="0" time="0.012886">
        <testcase name="can convert user to array" file="tests/Unit/Data/UserTest.php::can convert user to array" class="Tests\Unit\Data\UserTest" classname="Tests.Unit.Data.UserTest" assertions="5" time="0.010732"/>
        <testcase name="can create user from array" file="tests/Unit/Data/UserTest.php::can create user from array" class="Tests\Unit\Data\UserTest" classname="Tests.Unit.Data.UserTest" assertions="5" time="0.002153"/>
      </testsuite>
      <testsuite name="Tests\Unit\Data\IssueTest" file="tests/Unit/Data/IssueTest.php" tests="4" assertions="27" errors="0" failures="0" skipped="0" time="0.012218">
        <testcase name="can convert issue to array" file="tests/Unit/Data/IssueTest.php::can convert issue to array" class="Tests\Unit\Data\IssueTest" classname="Tests.Unit.Data.IssueTest" assertions="8" time="0.006333"/>
        <testcase name="can check if issue is closed" file="tests/Unit/Data/IssueTest.php::can check if issue is closed" class="Tests\Unit\Data\IssueTest" classname="Tests.Unit.Data.IssueTest" assertions="2" time="0.001998"/>
        <testcase name="can create issue from array" file="tests/Unit/Data/IssueTest.php::can create issue from array" class="Tests\Unit\Data\IssueTest" classname="Tests.Unit.Data.IssueTest" assertions="15" time="0.001954"/>
        <testcase name="can check if issue is open" file="tests/Unit/Data/IssueTest.php::can check if issue is open" class="Tests\Unit\Data\IssueTest" classname="Tests.Unit.Data.IssueTest" assertions="2" time="0.001934"/>
      </testsuite>
    </testsuite>
  </testsuite>
</testsuites>
